<?xml version="1.0" encoding="UTF-8"?>
<!-- Generated by org.testng.reporters.JUnitXMLReporter -->
<testsuite hostname="PRINHYLTPAP1068.local" ignored="0" name="Default test" tests="3" failures="0" timestamp="18 Nov 2017 07:15:06 GMT" time="21.631" errors="0">
  <testcase name="testPageTitleSampleA" time="11.049" classname="com.Jenkins.Tests.TestA"/>
  <testcase name="testSampleThree" time="0.002" classname="com.Jenkins.Tests.TestA"/>
  <testcase name="testSampleTwo" time="0.001" classname="com.Jenkins.Tests.TestA"/>
</testsuite> <!-- Default test -->
