<?xml version="1.0" encoding="UTF-8"?>
<!-- Generated by org.testng.reporters.JUnitXMLReporter -->
<testsuite hostname="PRINHYLTPAP1068.local" ignored="0" name="Test" tests="7" failures="0" timestamp="18 Nov 2017 07:42:14 GMT" time="22.002" errors="0">
  <testcase name="testPageTitleSampleA" time="3.155" classname="com.Jenkins.Tests.TestA"/>
  <testcase name="testSampleThree" time="0.001" classname="com.Jenkins.Tests.TestA"/>
  <testcase name="testSampleTwo" time="0.0" classname="com.Jenkins.Tests.TestA"/>
  <testcase name="testPageTitleSampleB" time="2.283" classname="com.Jenkins.Tests.TestB"/>
  <testcase name="testSampleOne" time="0.0" classname="com.Jenkins.Tests.TestB"/>
  <testcase name="testSampleThree" time="0.001" classname="com.Jenkins.Tests.TestB"/>
  <testcase name="testSampleTwo" time="0.001" classname="com.Jenkins.Tests.TestB"/>
</testsuite> <!-- Test -->
