<?xml version="1.0" encoding="UTF-8"?>
<testng-results skipped="0" failed="0" ignored="0" total="3" passed="3">
  <reporter-output>
  </reporter-output>
  <suite name="Default suite" duration-ms="21631" started-at="2017-11-18T07:14:44Z" finished-at="2017-11-18T07:15:06Z">
    <groups>
    </groups>
    <test name="Default test" duration-ms="21631" started-at="2017-11-18T07:14:44Z" finished-at="2017-11-18T07:15:06Z">
      <class name="com.Jenkins.Tests.TestA">
        <test-method status="PASS" signature="setUp()[pri:0, instance:com.Jenkins.Tests.TestA@6d4b1c02]" name="setUp" is-config="true" duration-ms="5538" started-at="2017-11-18T12:44:44Z" finished-at="2017-11-18T12:44:50Z">
          <reporter-output>
          </reporter-output>
        </test-method> <!-- setUp -->
        <test-method status="PASS" signature="setUp()[pri:0, instance:com.Jenkins.Tests.TestA@6d4b1c02]" name="setUp" is-config="true" duration-ms="1686" started-at="2017-11-18T12:44:50Z" finished-at="2017-11-18T12:44:51Z">
          <reporter-output>
          </reporter-output>
        </test-method> <!-- setUp -->
        <test-method status="PASS" signature="testPageTitleSampleA()[pri:0, instance:com.Jenkins.Tests.TestA@6d4b1c02]" name="testPageTitleSampleA" duration-ms="11049" started-at="2017-11-18T12:44:51Z" finished-at="2017-11-18T12:45:02Z">
          <reporter-output>
          </reporter-output>
        </test-method> <!-- testPageTitleSampleA -->
        <test-method status="PASS" signature="tearDown()[pri:0, instance:com.Jenkins.Tests.TestA@6d4b1c02]" name="tearDown" is-config="true" duration-ms="258" started-at="2017-11-18T12:45:02Z" finished-at="2017-11-18T12:45:03Z">
          <reporter-output>
          </reporter-output>
        </test-method> <!-- tearDown -->
        <test-method status="PASS" signature="setUp()[pri:0, instance:com.Jenkins.Tests.TestA@6d4b1c02]" name="setUp" is-config="true" duration-ms="1830" started-at="2017-11-18T12:45:03Z" finished-at="2017-11-18T12:45:04Z">
          <reporter-output>
          </reporter-output>
        </test-method> <!-- setUp -->
        <test-method status="PASS" signature="testSampleThree()[pri:0, instance:com.Jenkins.Tests.TestA@6d4b1c02]" name="testSampleThree" duration-ms="2" started-at="2017-11-18T12:45:04Z" finished-at="2017-11-18T12:45:04Z">
          <reporter-output>
          </reporter-output>
        </test-method> <!-- testSampleThree -->
        <test-method status="PASS" signature="tearDown()[pri:0, instance:com.Jenkins.Tests.TestA@6d4b1c02]" name="tearDown" is-config="true" duration-ms="88" started-at="2017-11-18T12:45:04Z" finished-at="2017-11-18T12:45:05Z">
          <reporter-output>
          </reporter-output>
        </test-method> <!-- tearDown -->
        <test-method status="PASS" signature="setUp()[pri:0, instance:com.Jenkins.Tests.TestA@6d4b1c02]" name="setUp" is-config="true" duration-ms="1047" started-at="2017-11-18T12:45:05Z" finished-at="2017-11-18T12:45:06Z">
          <reporter-output>
          </reporter-output>
        </test-method> <!-- setUp -->
        <test-method status="PASS" signature="testSampleTwo()[pri:0, instance:com.Jenkins.Tests.TestA@6d4b1c02]" name="testSampleTwo" duration-ms="1" started-at="2017-11-18T12:45:06Z" finished-at="2017-11-18T12:45:06Z">
          <reporter-output>
          </reporter-output>
        </test-method> <!-- testSampleTwo -->
        <test-method status="PASS" signature="tearDown()[pri:0, instance:com.Jenkins.Tests.TestA@6d4b1c02]" name="tearDown" is-config="true" duration-ms="88" started-at="2017-11-18T12:45:06Z" finished-at="2017-11-18T12:45:06Z">
          <reporter-output>
          </reporter-output>
        </test-method> <!-- tearDown -->
        <test-method status="PASS" signature="tearDown()[pri:0, instance:com.Jenkins.Tests.TestA@6d4b1c02]" name="tearDown" is-config="true" duration-ms="0" started-at="2017-11-18T12:45:06Z" finished-at="2017-11-18T12:45:06Z">
          <reporter-output>
          </reporter-output>
        </test-method> <!-- tearDown -->
      </class> <!-- com.Jenkins.Tests.TestA -->
    </test> <!-- Default test -->
  </suite> <!-- Default suite -->
</testng-results>
