<?xml version="1.0" encoding="UTF-8"?>
<testng-results skipped="0" failed="0" ignored="0" total="7" passed="7">
  <reporter-output>
  </reporter-output>
  <suite name="Suite" duration-ms="22002" started-at="2017-11-18T07:41:52Z" finished-at="2017-11-18T07:42:14Z">
    <groups>
    </groups>
    <test name="Test" duration-ms="22002" started-at="2017-11-18T07:41:52Z" finished-at="2017-11-18T07:42:14Z">
      <class name="com.Jenkins.Tests.TestB">
        <test-method status="PASS" signature="setUp()[pri:0, instance:com.Jenkins.Tests.TestB@3cda1055]" name="setUp" is-config="true" duration-ms="1180" started-at="2017-11-18T13:12:05Z" finished-at="2017-11-18T13:12:07Z">
          <reporter-output>
          </reporter-output>
        </test-method> <!-- setUp -->
        <test-method status="PASS" signature="setUp()[pri:0, instance:com.Jenkins.Tests.TestB@3cda1055]" name="setUp" is-config="true" duration-ms="1408" started-at="2017-11-18T13:12:07Z" finished-at="2017-11-18T13:12:08Z">
          <reporter-output>
          </reporter-output>
        </test-method> <!-- setUp -->
        <test-method status="PASS" signature="testPageTitleSampleB()[pri:0, instance:com.Jenkins.Tests.TestB@3cda1055]" name="testPageTitleSampleB" duration-ms="2283" started-at="2017-11-18T13:12:08Z" finished-at="2017-11-18T13:12:10Z">
          <reporter-output>
          </reporter-output>
        </test-method> <!-- testPageTitleSampleB -->
        <test-method status="PASS" signature="tearDown()[pri:0, instance:com.Jenkins.Tests.TestB@3cda1055]" name="tearDown" is-config="true" duration-ms="125" started-at="2017-11-18T13:12:10Z" finished-at="2017-11-18T13:12:10Z">
          <reporter-output>
          </reporter-output>
        </test-method> <!-- tearDown -->
        <test-method status="PASS" signature="setUp()[pri:0, instance:com.Jenkins.Tests.TestB@3cda1055]" name="setUp" is-config="true" duration-ms="1007" started-at="2017-11-18T13:12:10Z" finished-at="2017-11-18T13:12:11Z">
          <reporter-output>
          </reporter-output>
        </test-method> <!-- setUp -->
        <test-method status="PASS" signature="testSampleOne()[pri:0, instance:com.Jenkins.Tests.TestB@3cda1055]" name="testSampleOne" duration-ms="0" started-at="2017-11-18T13:12:11Z" finished-at="2017-11-18T13:12:11Z">
          <reporter-output>
          </reporter-output>
        </test-method> <!-- testSampleOne -->
        <test-method status="PASS" signature="tearDown()[pri:0, instance:com.Jenkins.Tests.TestB@3cda1055]" name="tearDown" is-config="true" duration-ms="80" started-at="2017-11-18T13:12:11Z" finished-at="2017-11-18T13:12:12Z">
          <reporter-output>
          </reporter-output>
        </test-method> <!-- tearDown -->
        <test-method status="PASS" signature="setUp()[pri:0, instance:com.Jenkins.Tests.TestB@3cda1055]" name="setUp" is-config="true" duration-ms="1145" started-at="2017-11-18T13:12:12Z" finished-at="2017-11-18T13:12:13Z">
          <reporter-output>
          </reporter-output>
        </test-method> <!-- setUp -->
        <test-method status="PASS" signature="testSampleThree()[pri:0, instance:com.Jenkins.Tests.TestB@3cda1055]" name="testSampleThree" duration-ms="1" started-at="2017-11-18T13:12:13Z" finished-at="2017-11-18T13:12:13Z">
          <reporter-output>
          </reporter-output>
        </test-method> <!-- testSampleThree -->
        <test-method status="PASS" signature="tearDown()[pri:0, instance:com.Jenkins.Tests.TestB@3cda1055]" name="tearDown" is-config="true" duration-ms="101" started-at="2017-11-18T13:12:13Z" finished-at="2017-11-18T13:12:13Z">
          <reporter-output>
          </reporter-output>
        </test-method> <!-- tearDown -->
        <test-method status="PASS" signature="setUp()[pri:0, instance:com.Jenkins.Tests.TestB@3cda1055]" name="setUp" is-config="true" duration-ms="1022" started-at="2017-11-18T13:12:13Z" finished-at="2017-11-18T13:12:14Z">
          <reporter-output>
          </reporter-output>
        </test-method> <!-- setUp -->
        <test-method status="PASS" signature="testSampleTwo()[pri:0, instance:com.Jenkins.Tests.TestB@3cda1055]" name="testSampleTwo" duration-ms="1" started-at="2017-11-18T13:12:14Z" finished-at="2017-11-18T13:12:14Z">
          <reporter-output>
          </reporter-output>
        </test-method> <!-- testSampleTwo -->
        <test-method status="PASS" signature="tearDown()[pri:0, instance:com.Jenkins.Tests.TestB@3cda1055]" name="tearDown" is-config="true" duration-ms="339" started-at="2017-11-18T13:12:14Z" finished-at="2017-11-18T13:12:14Z">
          <reporter-output>
          </reporter-output>
        </test-method> <!-- tearDown -->
        <test-method status="PASS" signature="tearDown()[pri:0, instance:com.Jenkins.Tests.TestB@3cda1055]" name="tearDown" is-config="true" duration-ms="0" started-at="2017-11-18T13:12:14Z" finished-at="2017-11-18T13:12:14Z">
          <reporter-output>
          </reporter-output>
        </test-method> <!-- tearDown -->
      </class> <!-- com.Jenkins.Tests.TestB -->
      <class name="com.Jenkins.Tests.TestA">
        <test-method status="PASS" signature="setUp()[pri:0, instance:com.Jenkins.Tests.TestA@668bc3d5]" name="setUp" is-config="true" duration-ms="4831" started-at="2017-11-18T13:11:52Z" finished-at="2017-11-18T13:11:57Z">
          <reporter-output>
          </reporter-output>
        </test-method> <!-- setUp -->
        <test-method status="PASS" signature="setUp()[pri:0, instance:com.Jenkins.Tests.TestA@668bc3d5]" name="setUp" is-config="true" duration-ms="1680" started-at="2017-11-18T13:11:57Z" finished-at="2017-11-18T13:11:59Z">
          <reporter-output>
          </reporter-output>
        </test-method> <!-- setUp -->
        <test-method status="PASS" signature="testPageTitleSampleA()[pri:0, instance:com.Jenkins.Tests.TestA@668bc3d5]" name="testPageTitleSampleA" duration-ms="3155" started-at="2017-11-18T13:11:59Z" finished-at="2017-11-18T13:12:02Z">
          <reporter-output>
          </reporter-output>
        </test-method> <!-- testPageTitleSampleA -->
        <test-method status="PASS" signature="tearDown()[pri:0, instance:com.Jenkins.Tests.TestA@668bc3d5]" name="tearDown" is-config="true" duration-ms="415" started-at="2017-11-18T13:12:02Z" finished-at="2017-11-18T13:12:02Z">
          <reporter-output>
          </reporter-output>
        </test-method> <!-- tearDown -->
        <test-method status="PASS" signature="setUp()[pri:0, instance:com.Jenkins.Tests.TestA@668bc3d5]" name="setUp" is-config="true" duration-ms="1338" started-at="2017-11-18T13:12:02Z" finished-at="2017-11-18T13:12:04Z">
          <reporter-output>
          </reporter-output>
        </test-method> <!-- setUp -->
        <test-method status="PASS" signature="testSampleThree()[pri:0, instance:com.Jenkins.Tests.TestA@668bc3d5]" name="testSampleThree" duration-ms="1" started-at="2017-11-18T13:12:04Z" finished-at="2017-11-18T13:12:04Z">
          <reporter-output>
          </reporter-output>
        </test-method> <!-- testSampleThree -->
        <test-method status="PASS" signature="tearDown()[pri:0, instance:com.Jenkins.Tests.TestA@668bc3d5]" name="tearDown" is-config="true" duration-ms="92" started-at="2017-11-18T13:12:04Z" finished-at="2017-11-18T13:12:04Z">
          <reporter-output>
          </reporter-output>
        </test-method> <!-- tearDown -->
        <test-method status="PASS" signature="setUp()[pri:0, instance:com.Jenkins.Tests.TestA@668bc3d5]" name="setUp" is-config="true" duration-ms="1603" started-at="2017-11-18T13:12:04Z" finished-at="2017-11-18T13:12:05Z">
          <reporter-output>
          </reporter-output>
        </test-method> <!-- setUp -->
        <test-method status="PASS" signature="tearDown()[pri:0, instance:com.Jenkins.Tests.TestA@668bc3d5]" name="tearDown" is-config="true" duration-ms="167" started-at="2017-11-18T13:12:05Z" finished-at="2017-11-18T13:12:05Z">
          <reporter-output>
          </reporter-output>
        </test-method> <!-- tearDown -->
        <test-method status="PASS" signature="testSampleTwo()[pri:0, instance:com.Jenkins.Tests.TestA@668bc3d5]" name="testSampleTwo" duration-ms="0" started-at="2017-11-18T13:12:05Z" finished-at="2017-11-18T13:12:05Z">
          <reporter-output>
          </reporter-output>
        </test-method> <!-- testSampleTwo -->
        <test-method status="PASS" signature="tearDown()[pri:0, instance:com.Jenkins.Tests.TestA@668bc3d5]" name="tearDown" is-config="true" duration-ms="0" started-at="2017-11-18T13:12:05Z" finished-at="2017-11-18T13:12:05Z">
          <reporter-output>
          </reporter-output>
        </test-method> <!-- tearDown -->
      </class> <!-- com.Jenkins.Tests.TestA -->
    </test> <!-- Test -->
  </suite> <!-- Suite -->
</testng-results>
