<?xml version="1.0" encoding="UTF-8"?>
<testsuite xmlns:xsi="http://www.w3.org/2001/XMLSchema-instance" xsi:schemaLocation="https://maven.apache.org/surefire/maven-surefire-plugin/xsd/surefire-test-report.xsd" name="TestSuite" time="22.927" tests="7" errors="0" skipped="0" failures="0">
  <properties>
[...]
</properties>
  <testcase name="testPageTitleSampleA" classname="com.Jenkins.Tests.TestA" time="3.157"/>
  <testcase name="testSampleThree" classname="com.Jenkins.Tests.TestA" time="0"/>
  <testcase name="testSampleTwo" classname="com.Jenkins.Tests.TestA" time="0"/>
  <testcase name="testPageTitleSampleB" classname="com.Jenkins.Tests.TestB" time="2.282"/>
  <testcase name="testSampleOne" classname="com.Jenkins.Tests.TestB" time="0"/>
  <testcase name="testSampleThree" classname="com.Jenkins.Tests.TestB" time="0"/>
  <testcase name="testSampleTwo" classname="com.Jenkins.Tests.TestB" time="0"/>
</testsuite>